Traceback (most recent call last):
  File "/opt/hostedtoolcache/Python/3.10.18/x64/lib/python3.10/site-packages/jupyter_core/utils/__init__.py", line 154, in wrapped
    asyncio.get_running_loop()
RuntimeError: no running event loop

During handling of the above exception, another exception occurred:

Traceback (most recent call last):
  File "/opt/hostedtoolcache/Python/3.10.18/x64/lib/python3.10/site-packages/jupyter_cache/executors/utils.py", line 58, in single_nb_execution
    executenb(
  File "/opt/hostedtoolcache/Python/3.10.18/x64/lib/python3.10/site-packages/nbclient/client.py", line 1319, in execute
    return NotebookClient(nb=nb, resources=resources, km=km, **kwargs).execute()
  File "/opt/hostedtoolcache/Python/3.10.18/x64/lib/python3.10/site-packages/jupyter_core/utils/__init__.py", line 158, in wrapped
    return loop.run_until_complete(inner)
  File "/opt/hostedtoolcache/Python/3.10.18/x64/lib/python3.10/asyncio/base_events.py", line 649, in run_until_complete
    return future.result()
  File "/opt/hostedtoolcache/Python/3.10.18/x64/lib/python3.10/site-packages/nbclient/client.py", line 709, in async_execute
    await self.async_execute_cell(
  File "/opt/hostedtoolcache/Python/3.10.18/x64/lib/python3.10/site-packages/nbclient/client.py", line 1062, in async_execute_cell
    await self._check_raise_for_error(cell, cell_index, exec_reply)
  File "/opt/hostedtoolcache/Python/3.10.18/x64/lib/python3.10/site-packages/nbclient/client.py", line 918, in _check_raise_for_error
    raise CellExecutionError.from_cell_and_msg(cell, exec_reply_content)
nbclient.exceptions.CellExecutionError: An error occurred while executing the following cell:
------------------
from causalkit.data import generate_rct_data
from causalkit.data import CausalData
from causalkit.inference import ttest
------------------


[0;31m---------------------------------------------------------------------------[0m
[0;31mModuleNotFoundError[0m                       Traceback (most recent call last)
Cell [0;32mIn[1], line 1[0m
[0;32m----> 1[0m [38;5;28;01mfrom[39;00m[38;5;250m [39m[38;5;21;01mcausalkit[39;00m[38;5;21;01m.[39;00m[38;5;21;01mdata[39;00m[38;5;250m [39m[38;5;28;01mimport[39;00m generate_rct_data
[1;32m      2[0m [38;5;28;01mfrom[39;00m[38;5;250m [39m[38;5;21;01mcausalkit[39;00m[38;5;21;01m.[39;00m[38;5;21;01mdata[39;00m[38;5;250m [39m[38;5;28;01mimport[39;00m CausalData
[1;32m      3[0m [38;5;28;01mfrom[39;00m[38;5;250m [39m[38;5;21;01mcausalkit[39;00m[38;5;21;01m.[39;00m[38;5;21;01minference[39;00m[38;5;250m [39m[38;5;28;01mimport[39;00m ttest

File [0;32m~/work/CausalKit/CausalKit/causalkit/__init__.py:21[0m
[1;32m     19[0m [38;5;28;01mfrom[39;00m[38;5;250m [39m[38;5;21;01mcausalkit[39;00m[38;5;250m [39m[38;5;28;01mimport[39;00m data
[1;32m     20[0m [38;5;28;01mfrom[39;00m[38;5;250m [39m[38;5;21;01mcausalkit[39;00m[38;5;250m [39m[38;5;28;01mimport[39;00m design
[0;32m---> 21[0m [38;5;28;01mfrom[39;00m[38;5;250m [39m[38;5;21;01mcausalkit[39;00m[38;5;250m [39m[38;5;28;01mimport[39;00m inference
[1;32m     23[0m __version__ [38;5;241m=[39m [38;5;124m"[39m[38;5;124m0.1.0[39m[38;5;124m"[39m
[1;32m     24[0m __all__ [38;5;241m=[39m [[38;5;124m"[39m[38;5;124mdata[39m[38;5;124m"[39m, [38;5;124m"[39m[38;5;124mdesign[39m[38;5;124m"[39m, [38;5;124m"[39m[38;5;124manalysis[39m[38;5;124m"[39m]

File [0;32m~/work/CausalKit/CausalKit/causalkit/inference/__init__.py:7[0m
[1;32m      1[0m [38;5;124;03m"""[39;00m
[1;32m      2[0m [38;5;124;03mAnalysis module for causalkit.[39;00m
[1;32m      3[0m 
[1;32m      4[0m [38;5;124;03mThis module provides statistical inference tools for causal inference.[39;00m
[1;32m      5[0m [38;5;124;03m"""[39;00m
[0;32m----> 7[0m [38;5;28;01mfrom[39;00m[38;5;250m [39m[38;5;21;01mcausalkit[39;00m[38;5;21;01m.[39;00m[38;5;21;01minference[39;00m[38;5;21;01m.[39;00m[38;5;21;01matt[39;00m[38;5;21;01m.[39;00m[38;5;21;01mttest[39;00m[38;5;250m [39m[38;5;28;01mimport[39;00m ttest
[1;32m      8[0m [38;5;28;01mfrom[39;00m[38;5;250m [39m[38;5;21;01mcausalkit[39;00m[38;5;21;01m.[39;00m[38;5;21;01minference[39;00m[38;5;21;01m.[39;00m[38;5;21;01matt[39;00m[38;5;21;01m.[39;00m[38;5;21;01mconversion_z_test[39;00m[38;5;250m [39m[38;5;28;01mimport[39;00m conversion_z_test
[1;32m      9[0m [38;5;28;01mfrom[39;00m[38;5;250m [39m[38;5;21;01mcausalkit[39;00m[38;5;21;01m.[39;00m[38;5;21;01minference[39;00m[38;5;21;01m.[39;00m[38;5;21;01matt[39;00m[38;5;21;01m.[39;00m[38;5;21;01mbootstrap_diff_means[39;00m[38;5;250m [39m[38;5;28;01mimport[39;00m bootstrap_diff_means

File [0;32m~/work/CausalKit/CausalKit/causalkit/inference/att/__init__.py:8[0m
[1;32m      1[0m [38;5;124;03m"""[39;00m
[1;32m      2[0m [38;5;124;03mAverage Treatment Effect on the Treated (ATT) inference methods for causalkit.[39;00m
[1;32m      3[0m 
[1;32m      4[0m [38;5;124;03mThis module provides methods for estimating average treatment effects on the treated.[39;00m
[1;32m      5[0m [38;5;124;03m"""[39;00m
[1;32m      7[0m [38;5;28;01mfrom[39;00m[38;5;250m [39m[38;5;21;01mcausalkit[39;00m[38;5;21;01m.[39;00m[38;5;21;01minference[39;00m[38;5;21;01m.[39;00m[38;5;21;01matt[39;00m[38;5;21;01m.[39;00m[38;5;21;01mdml[39;00m[38;5;250m [39m[38;5;28;01mimport[39;00m dml
[0;32m----> 8[0m [38;5;28;01mfrom[39;00m[38;5;250m [39m[38;5;21;01mcausalkit[39;00m[38;5;21;01m.[39;00m[38;5;21;01minference[39;00m[38;5;21;01m.[39;00m[38;5;21;01matt[39;00m[38;5;21;01m.[39;00m[38;5;21;01mcausalforestdml[39;00m[38;5;250m [39m[38;5;28;01mimport[39;00m causalforestdml
[1;32m      9[0m [38;5;28;01mfrom[39;00m[38;5;250m [39m[38;5;21;01mcausalkit[39;00m[38;5;21;01m.[39;00m[38;5;21;01minference[39;00m[38;5;21;01m.[39;00m[38;5;21;01matt[39;00m[38;5;21;01m.[39;00m[38;5;21;01mttest[39;00m[38;5;250m [39m[38;5;28;01mimport[39;00m ttest
[1;32m     10[0m [38;5;28;01mfrom[39;00m[38;5;250m [39m[38;5;21;01mcausalkit[39;00m[38;5;21;01m.[39;00m[38;5;21;01minference[39;00m[38;5;21;01m.[39;00m[38;5;21;01matt[39;00m[38;5;21;01m.[39;00m[38;5;21;01mconversion_z_test[39;00m[38;5;250m [39m[38;5;28;01mimport[39;00m conversion_z_test

File [0;32m~/work/CausalKit/CausalKit/causalkit/inference/att/causalforestdml.py:11[0m
[1;32m      8[0m [38;5;28;01mimport[39;00m[38;5;250m [39m[38;5;21;01mpandas[39;00m[38;5;250m [39m[38;5;28;01mas[39;00m[38;5;250m [39m[38;5;21;01mpd[39;00m
[1;32m      9[0m [38;5;28;01mfrom[39;00m[38;5;250m [39m[38;5;21;01mtyping[39;00m[38;5;250m [39m[38;5;28;01mimport[39;00m Dict, Any, Optional, Union, List, Tuple
[0;32m---> 11[0m [38;5;28;01mfrom[39;00m[38;5;250m [39m[38;5;21;01meconml[39;00m[38;5;21;01m.[39;00m[38;5;21;01mdml[39;00m[38;5;250m [39m[38;5;28;01mimport[39;00m CausalForestDML
[1;32m     12[0m [38;5;28;01mfrom[39;00m[38;5;250m [39m[38;5;21;01mcatboost[39;00m[38;5;250m [39m[38;5;28;01mimport[39;00m CatBoostRegressor, CatBoostClassifier
[1;32m     14[0m [38;5;28;01mfrom[39;00m[38;5;250m [39m[38;5;21;01mcausalkit[39;00m[38;5;21;01m.[39;00m[38;5;21;01mdata[39;00m[38;5;21;01m.[39;00m[38;5;21;01mcausaldata[39;00m[38;5;250m [39m[38;5;28;01mimport[39;00m CausalData

[0;31mModuleNotFoundError[0m: No module named 'econml'

